------------------------------------------------------------------------------------------------------------------------

[2022-02-05 18:16:56 #1 store] 
Database '/home/guskikalola/Development/uni/2do/2KUAT/SI/proiektua/0Iterazioa/Bets21/src/main/resources/bets.temp' is opened by 15079@guskikalola

[2022-02-05 18:16:56 #2 type.registry] 
New type domain.Question

[2022-02-05 18:16:56 #3 type] 
Type domain.Question is not enhanced.

[2022-02-05 18:16:56 #4 type.registry] 
New type domain.Event

[2022-02-05 18:16:56 #5 type] 
Type domain.Event is not enhanced.

[2022-02-05 18:16:57 #6 type.registry] 
New type java.util.Vector<domain.Question>

[2022-02-05 18:16:57 #7 type.registry] 
New type java.util.Vector<java.lang.Object>

------------------------------------------------------------------------------------------------------------------------

[2022-02-05 18:30:37 #1 store] 
Database '/home/guskikalola/Development/uni/2do/2KUAT/SI/proiektua/0Iterazioa/Bets21/src/main/resources/bets.temp' is opened by 11498@guskikalola

[2022-02-05 18:30:38 #2 type.registry] 
New type domain.Question

[2022-02-05 18:30:38 #3 type] 
Type domain.Question is not enhanced.

[2022-02-05 18:30:38 #4 type.registry] 
New type domain.Event

[2022-02-05 18:30:38 #5 type] 
Type domain.Event is not enhanced.

[2022-02-05 18:30:38 #6 type.registry] 
New type java.util.Vector<domain.Question>

[2022-02-05 18:30:38 #7 type.registry] 
New type java.util.Vector<java.lang.Object>

------------------------------------------------------------------------------------------------------------------------

[2022-02-05 18:47:20 #1 store] 
Database '/home/guskikalola/Development/uni/2do/2KUAT/SI/proiektua/0Iterazioa/Bets21/src/main/resources/bets.temp' is opened by 16907@guskikalola

[2022-02-05 18:47:20 #2 type.registry] 
New type domain.Question

[2022-02-05 18:47:20 #3 type] 
Type domain.Question is not enhanced.

[2022-02-05 18:47:20 #4 type.registry] 
New type domain.Event

[2022-02-05 18:47:20 #5 type] 
Type domain.Event is not enhanced.

[2022-02-05 18:47:20 #6 type.registry] 
New type java.util.Vector<domain.Question>

[2022-02-05 18:47:20 #7 type.registry] 
New type java.util.Vector<java.lang.Object>

------------------------------------------------------------------------------------------------------------------------

[2022-02-05 18:54:50 #1 store] 
Database '/home/guskikalola/Development/uni/2do/2KUAT/SI/proiektua/0Iterazioa/Bets21/src/main/resources/bets.temp' is opened by 3302@guskikalola

[2022-02-05 18:54:50 #2 type.registry] 
New type domain.Question

[2022-02-05 18:54:50 #3 type] 
Type domain.Question is not enhanced.

[2022-02-05 18:54:50 #4 type.registry] 
New type domain.Event

[2022-02-05 18:54:50 #5 type] 
Type domain.Event is not enhanced.

[2022-02-05 18:54:50 #6 type.registry] 
New type java.util.Vector<domain.Question>

[2022-02-05 18:54:50 #7 type.registry] 
New type java.util.Vector<java.lang.Object>

------------------------------------------------------------------------------------------------------------------------

[2022-02-05 19:04:05 #1 store] 
Database '/home/guskikalola/Development/uni/2do/2KUAT/SI/proiektua/0Iterazioa/Bets21/src/main/resources/bets.temp' is opened by 8916@guskikalola

[2022-02-05 19:04:05 #2 type.registry] 
New type domain.Question

[2022-02-05 19:04:05 #3 type] 
Type domain.Question is not enhanced.

[2022-02-05 19:04:05 #4 type.registry] 
New type domain.Event

[2022-02-05 19:04:05 #5 type] 
Type domain.Event is not enhanced.

[2022-02-05 19:04:05 #6 type.registry] 
New type java.util.Vector<domain.Question>

[2022-02-05 19:04:05 #7 type.registry] 
New type java.util.Vector<java.lang.Object>

------------------------------------------------------------------------------------------------------------------------

[2022-02-05 19:09:04 #1 store] 
Database '/home/guskikalola/Development/uni/2do/2KUAT/SI/proiektua/0Iterazioa/Bets21/src/main/resources/bets.temp' is opened by 10860@guskikalola

[2022-02-05 19:09:04 #2 type.registry] 
New type domain.Question

[2022-02-05 19:09:04 #3 type] 
Type domain.Question is not enhanced.

[2022-02-05 19:09:04 #4 type.registry] 
New type domain.Event

[2022-02-05 19:09:04 #5 type] 
Type domain.Event is not enhanced.

[2022-02-05 19:09:04 #6 type.registry] 
New type java.util.Vector<domain.Question>

[2022-02-05 19:09:04 #7 type.registry] 
New type java.util.Vector<java.lang.Object>

------------------------------------------------------------------------------------------------------------------------

[2022-02-05 19:11:22 #1 store] 
Database '/home/guskikalola/Development/uni/2do/2KUAT/SI/proiektua/0Iterazioa/Bets21/src/main/resources/bets.temp' is opened by 11517@guskikalola

[2022-02-05 19:11:22 #2 type.registry] 
New type domain.Question

[2022-02-05 19:11:22 #3 type] 
Type domain.Question is not enhanced.

[2022-02-05 19:11:22 #4 type.registry] 
New type domain.Event

[2022-02-05 19:11:22 #5 type] 
Type domain.Event is not enhanced.

[2022-02-05 19:11:22 #6 type.registry] 
New type java.util.Vector<domain.Question>

[2022-02-05 19:11:22 #7 type.registry] 
New type java.util.Vector<java.lang.Object>

------------------------------------------------------------------------------------------------------------------------

[2022-02-05 19:12:52 #1 store] 
Database '/home/guskikalola/Development/uni/2do/2KUAT/SI/proiektua/0Iterazioa/Bets21/src/main/resources/bets.temp' is opened by 11970@guskikalola

[2022-02-05 19:12:53 #2 type.registry] 
New type domain.Question

[2022-02-05 19:12:53 #3 type] 
Type domain.Question is not enhanced.

[2022-02-05 19:12:53 #4 type.registry] 
New type domain.Event

[2022-02-05 19:12:53 #5 type] 
Type domain.Event is not enhanced.

[2022-02-05 19:12:53 #6 type.registry] 
New type java.util.Vector<domain.Question>

[2022-02-05 19:12:53 #7 type.registry] 
New type java.util.Vector<java.lang.Object>

------------------------------------------------------------------------------------------------------------------------

[2022-02-05 19:17:30 #1 store] 
Database '/home/guskikalola/Development/uni/2do/2KUAT/SI/proiektua/0Iterazioa/Bets21/src/main/resources/bets.temp' is opened by 15813@guskikalola

------------------------------------------------------------------------------------------------------------------------

[2022-02-05 19:17:58 #1 store] 
Database '/home/guskikalola/Development/uni/2do/2KUAT/SI/proiektua/0Iterazioa/Bets21/src/main/resources/bets.temp' is opened by 15921@guskikalola

[2022-02-05 19:17:58 #2 type.registry] 
New type domain.Question

[2022-02-05 19:17:58 #3 type] 
Type domain.Question is not enhanced.

[2022-02-05 19:17:58 #4 type.registry] 
New type domain.Event

[2022-02-05 19:17:58 #5 type] 
Type domain.Event is not enhanced.

[2022-02-05 19:17:58 #6 type.registry] 
New type java.util.Vector<domain.Question>

[2022-02-05 19:17:58 #7 type.registry] 
New type java.util.Vector<java.lang.Object>

